13:07  Error : Unknown column 'TANGGAL' in 'order clause' at query : SELECT E.*, R.PERIODE, K.NAMA, K.NIKFROM pinjaman E LEFT JOIN periode R ON (R.PERIODE_ID=E.PERIODE_ID) LEFT JOIN karyawan K ON (K.KARYAWAN_ID=E.KARYAWAN_ID) WHERE  E.PERIODE_ID = '22'  AND  E.PROJECT_ID = '1' ORDER BY TANGGAL desc
13:25  Error : Unknown column 'TANGGAL' in 'order clause' at query : SELECT E.*, R.PERIODE, K.NAMA, K.NIKFROM pinjaman E LEFT JOIN periode R ON (R.PERIODE_ID=E.PERIODE_ID) LEFT JOIN karyawan K ON (K.KARYAWAN_ID=E.KARYAWAN_ID) WHERE  E.PERIODE_ID = '22'  AND  E.PROJECT_ID = '1' ORDER BY TANGGAL desc
13:28  Error : Unknown column 'TANGGAL' in 'order clause' at query : SELECT E.*, R.PERIODE, K.NAMA, K.NIKFROM pinjaman E LEFT JOIN periode R ON (R.PERIODE_ID=E.PERIODE_ID) LEFT JOIN karyawan K ON (K.KARYAWAN_ID=E.KARYAWAN_ID) WHERE  E.PERIODE_ID = '22'  AND  E.PROJECT_ID = '1' ORDER BY TANGGAL desc
13:29  Error : Unknown column 'TANGGAL' in 'order clause' at query : SELECT E.*, R.PERIODE, K.NAMA, K.NIKFROM pinjaman E LEFT JOIN periode R ON (R.PERIODE_ID=E.PERIODE_ID) LEFT JOIN karyawan K ON (K.KARYAWAN_ID=E.KARYAWAN_ID) WHERE  E.PERIODE_ID = '22'  AND  E.PROJECT_ID = '1' ORDER BY TANGGAL desc
13:29  Error : Unknown column 'TANGGAL' in 'order clause' at query : SELECT E.*, R.PERIODE, K.NAMA, K.NIKFROM pinjaman E LEFT JOIN periode R ON (R.PERIODE_ID=E.PERIODE_ID) LEFT JOIN karyawan K ON (K.KARYAWAN_ID=E.KARYAWAN_ID) WHERE  E.PERIODE_ID = '22'  AND  E.PROJECT_ID = '1' ORDER BY TANGGAL desc
13:29  Error : Unknown column 'TANGGAL' in 'order clause' at query : SELECT E.*, R.PERIODE, K.NAMA, K.NIKFROM pinjaman E LEFT JOIN periode R ON (R.PERIODE_ID=E.PERIODE_ID) LEFT JOIN karyawan K ON (K.KARYAWAN_ID=E.KARYAWAN_ID) WHERE  E.PERIODE_ID = '22'  AND  E.PROJECT_ID = '1' ORDER BY TANGGAL desc
13:29  Error : Unknown column 'TANGGAL' in 'order clause' at query : SELECT E.*, R.PERIODE, K.NAMA, K.NIKFROM pinjaman E LEFT JOIN periode R ON (R.PERIODE_ID=E.PERIODE_ID) LEFT JOIN karyawan K ON (K.KARYAWAN_ID=E.KARYAWAN_ID) WHERE  E.PERIODE_ID = '22'  AND  E.PROJECT_ID = '1' ORDER BY TANGGAL desc
13:30  Error : Unknown column 'TANGGAL' in 'order clause' at query : SELECT E.*, R.PERIODE, K.NAMA, K.NIKFROM pinjaman E LEFT JOIN periode R ON (R.PERIODE_ID=E.PERIODE_ID) LEFT JOIN karyawan K ON (K.KARYAWAN_ID=E.KARYAWAN_ID) WHERE  E.PERIODE_ID = '22'  AND  E.PROJECT_ID = '1' ORDER BY TANGGAL desc
13:30  Error : Unknown column 'TANGGAL' in 'order clause' at query : SELECT E.*, R.PERIODE, K.NAMA, K.NIKFROM pinjaman E LEFT JOIN periode R ON (R.PERIODE_ID=E.PERIODE_ID) LEFT JOIN karyawan K ON (K.KARYAWAN_ID=E.KARYAWAN_ID) WHERE  E.PERIODE_ID = '22'  AND  E.PROJECT_ID = '1' ORDER BY TANGGAL desc
13:31  Error : Unknown column 'TANGGAL' in 'order clause' at query : SELECT E.*, R.PERIODE, K.NAMA, K.NIKFROM pinjaman E LEFT JOIN periode R ON (R.PERIODE_ID=E.PERIODE_ID) LEFT JOIN karyawan K ON (K.KARYAWAN_ID=E.KARYAWAN_ID) WHERE  E.PERIODE_ID = '22'  AND  E.PROJECT_ID = '1' ORDER BY TANGGAL desc
13:31  Error : Unknown column 'TANGGAL' in 'order clause' at query : SELECT E.*, R.PERIODE, K.NAMA, K.NIKFROM pinjaman E LEFT JOIN periode R ON (R.PERIODE_ID=E.PERIODE_ID) LEFT JOIN karyawan K ON (K.KARYAWAN_ID=E.KARYAWAN_ID) WHERE  E.PERIODE_ID = '22'  AND  E.PROJECT_ID = '1' ORDER BY TANGGAL desc
13:33  Error : Unknown column 'TANGGAL' in 'order clause' at query : SELECT E.*, R.PERIODE, K.NAMA, K.NIKFROM pinjaman E LEFT JOIN periode R ON (R.PERIODE_ID=E.PERIODE_ID) LEFT JOIN karyawan K ON (K.KARYAWAN_ID=E.KARYAWAN_ID) WHERE  E.PERIODE_ID = '22'  AND  E.PROJECT_ID = '1' ORDER BY TANGGAL desc
13:34  Error : Unknown column 'TANGGAL' in 'order clause' at query : SELECT E.*, R.PERIODE, K.NAMA, K.NIKFROM pinjaman E LEFT JOIN periode R ON (R.PERIODE_ID=E.PERIODE_ID) LEFT JOIN karyawan K ON (K.KARYAWAN_ID=E.KARYAWAN_ID) WHERE  E.PERIODE_ID = '22'  AND  E.PROJECT_ID = '1' ORDER BY TANGGAL desc
13:35  Error : Unknown column 'TANGGAL' in 'order clause' at query : SELECT E.*, R.PERIODE, K.NAMA, K.NIKFROM pinjaman E LEFT JOIN periode R ON (R.PERIODE_ID=E.PERIODE_ID) LEFT JOIN karyawan K ON (K.KARYAWAN_ID=E.KARYAWAN_ID) WHERE  E.PERIODE_ID = '22'  AND  E.PROJECT_ID = '1' ORDER BY TANGGAL desc
13:56  Error : Unknown column 'TANGGAL' in 'order clause' at query : SELECT E.*, R.PERIODE, K.NAMA, K.NIKFROM pinjaman E LEFT JOIN periode R ON (R.PERIODE_ID=E.PERIODE_ID) LEFT JOIN karyawan K ON (K.KARYAWAN_ID=E.KARYAWAN_ID) WHERE  E.PERIODE_ID = '22'  AND  E.PROJECT_ID = '1' ORDER BY TANGGAL desc
16:10  Error : Table 'ihris_live040719.pinjaman' doesn't exist at query : SELECT COUNT(1) as cntFROM pinjaman E LEFT JOIN periode R ON (R.PERIODE_ID=E.PERIODE_ID) LEFT JOIN karyawan K ON (K.KARYAWAN_ID=E.KARYAWAN_ID) WHERE  E.PERIODE_ID = '22'  AND  E.PROJECT_ID = '1' 
18:33  Error : Table 'ihris_live040719.pinjaman' doesn't exist at query : SELECT COUNT(1) as cntFROM pinjaman E LEFT JOIN periode R ON (R.PERIODE_ID=E.PERIODE_ID) LEFT JOIN karyawan K ON (K.KARYAWAN_ID=E.KARYAWAN_ID) WHERE  E.PERIODE_ID = '22'  AND  E.PROJECT_ID = '1' 
18:34  Error : Table 'ihris_live040719.pinjaman' doesn't exist at query :  INSERT INTO pinjaman (PERIODE_MULIA,PERIODE_AKHIR,KARYAWAN_ID,GRAND_TOTAL,ANGSURAN,STATUS,PROJECT_ID,CREATED_BY,CREATED_ON,UPDATED_BY,UPDATED_ON,TOTAL) VALUES ('','','666666','1,000,000','250,000','APPROVED','15','Root','2019-08-13 18:34:40','Root','2019-08-13 18:34:40','') 
18:34  Error : You have an error in your SQL syntax; check the manual that corresponds to your MariaDB server version for the right syntax to use near '' at line 1 at query :  INSERT INTO pinjaman_angsuran (PINJAMAN_MASTER_ID,PERIODE_ID,KARYAWAN_ID,PROJECT_ID,TOTAL) VALUES  
18:36  Error : Table 'ihris_live040719.pinjaman' doesn't exist at query : SELECT COUNT(1) as cntFROM pinjaman E LEFT JOIN periode R ON (R.PERIODE_ID=E.PERIODE_ID) LEFT JOIN karyawan K ON (K.KARYAWAN_ID=E.KARYAWAN_ID) WHERE  E.PERIODE_ID = '22'  AND  E.PROJECT_ID = '1' 
18:37  Error : Unknown column 'PERIODE_MULIA' in 'field list' at query :  INSERT INTO pinjaman_master (PERIODE_MULIA,PERIODE_AKHIR,KARYAWAN_ID,GRAND_TOTAL,ANGSURAN,STATUS,PROJECT_ID,CREATED_BY,CREATED_ON,UPDATED_BY,UPDATED_ON,TOTAL) VALUES ('','','666666','1,000,000','200,000','APPROVED','15','Root','2019-08-13 18:37:06','Root','2019-08-13 18:37:06','') 
18:37  Error : You have an error in your SQL syntax; check the manual that corresponds to your MariaDB server version for the right syntax to use near '' at line 1 at query :  INSERT INTO pinjaman_angsuran (PINJAMAN_MASTER_ID,PERIODE_ID,KARYAWAN_ID,PROJECT_ID,TOTAL) VALUES  
18:38  Error : Unknown column 'PERIODE_AKHIR' in 'field list' at query :  INSERT INTO pinjaman_master (PERIODE_MULAI,PERIODE_AKHIR,KARYAWAN_ID,GRAND_TOTAL,ANGSURAN,STATUS,PROJECT_ID,CREATED_BY,CREATED_ON,UPDATED_BY,UPDATED_ON,TOTAL) VALUES ('18','','666666','1,000,000','200,000','APPROVED','15','Root','2019-08-13 18:38:01','Root','2019-08-13 18:38:01','') 
18:38  Error : You have an error in your SQL syntax; check the manual that corresponds to your MariaDB server version for the right syntax to use near '' at line 1 at query :  INSERT INTO pinjaman_angsuran (PINJAMAN_MASTER_ID,PERIODE_ID,KARYAWAN_ID,PROJECT_ID,TOTAL) VALUES  
18:38  Error : Unknown column 'TOTAL' in 'field list' at query :  INSERT INTO pinjaman_master (PERIODE_MULAI,PERIODE_SELESAI,KARYAWAN_ID,GRAND_TOTAL,ANGSURAN,STATUS,PROJECT_ID,CREATED_BY,CREATED_ON,UPDATED_BY,UPDATED_ON,TOTAL) VALUES ('18','22','666666','1,000,000','200,000','APPROVED','15','Root','2019-08-13 18:38:57','Root','2019-08-13 18:38:57','') 
18:38  Error : You have an error in your SQL syntax; check the manual that corresponds to your MariaDB server version for the right syntax to use near '' at line 1 at query :  INSERT INTO pinjaman_angsuran (PINJAMAN_MASTER_ID,PERIODE_ID,KARYAWAN_ID,PROJECT_ID,TOTAL) VALUES  
18:42  Error : Column 'ANGSURAN' specified twice at query :  INSERT INTO pinjaman_master (PERIODE_MULAI,PERIODE_SELESAI,KARYAWAN_ID,GRAND_TOTAL,ANGSURAN,STATUS,PROJECT_ID,CREATED_BY,CREATED_ON,UPDATED_BY,UPDATED_ON,GRAND_TOTAL,ANGSURAN) VALUES ('18','22','666666','1,000,000','200,000','APPROVED','15','Root','2019-08-13 18:42:00','Root','2019-08-13 18:42:00','1000000','200000') 
18:42  Error : You have an error in your SQL syntax; check the manual that corresponds to your MariaDB server version for the right syntax to use near '' at line 1 at query :  INSERT INTO pinjaman_angsuran (PINJAMAN_MASTER_ID,PERIODE_ID,KARYAWAN_ID,PROJECT_ID,TOTAL) VALUES  
18:43  Error : You have an error in your SQL syntax; check the manual that corresponds to your MariaDB server version for the right syntax to use near '' at line 1 at query :  INSERT INTO pinjaman_angsuran (PINJAMAN_MASTER_ID,PERIODE_ID,KARYAWAN_ID,PROJECT_ID,TOTAL) VALUES  
18:44  Error : Table 'ihris_live040719.pinjaman' doesn't exist at query :  SELECT * FROM pinjaman WHERE PINJAMAN_ID='1' 
18:46  Error : Table 'ihris_live040719.pinjaman' doesn't exist at query :  SELECT * FROM pinjaman WHERE PINJAMAN_ID='1' 
18:46  Error : Table 'ihris_live040719.pinjaman' doesn't exist at query :  SELECT * FROM pinjaman WHERE PINJAMAN_ID='1' 
18:50  Error : Table 'ihris_live040719.pinjaman' doesn't exist at query :  SELECT * FROM pinjaman WHERE PINJAMAN_ID='1' 
18:50  Error : Table 'ihris_live040719.pinjaman' doesn't exist at query :  SELECT * FROM pinjaman WHERE PINJAMAN_ID='1' 
