15:49  Error : Unknown column 'STATUS_ABSEN' in 'where clause' at query :  DELETE FROM tabel_absen WHERE STATUS_ABSEN = 0 AND JENIS_EKSEPSI = 'SAKIT' AND FROM_TBL = 2 AND TGL_JADWAL = DATE('2022-04-01') 
15:49  Error : Unknown column 'STATUS_ABSEN' in 'where clause' at query :  DELETE FROM tabel_absen WHERE STATUS_ABSEN = 0 AND JENIS_EKSEPSI = 'SAKIT' AND FROM_TBL = 2 AND TGL_JADWAL = DATE('2022-04-02') 
15:49  Error : Unknown column 'STATUS_ABSEN' in 'where clause' at query :  DELETE FROM tabel_absen WHERE STATUS_ABSEN = 0 AND JENIS_EKSEPSI = 'SAKIT' AND FROM_TBL = 2 AND TGL_JADWAL = DATE('2022-04-03') 
15:49  Error : Unknown column 'STATUS_ABSEN' in 'where clause' at query :  DELETE FROM tabel_absen WHERE STATUS_ABSEN = 0 AND JENIS_EKSEPSI = 'SAKIT' AND FROM_TBL = 2 AND TGL_JADWAL = DATE('2022-04-04') 
22:06  Error : Unknown column 'KARYAWAN_ID' in 'where clause' at query :  SELECT *FROM tabel_absenWHEREFROM_TBL = 1 AND STATUS='1' AND APPROVE = 1 AND KARYAWAN_ID='4' AND(TGL >= '2022-02-01' AND TGL <= '2022-02-28')
22:07  Error : Unknown column 'KARYAWAN_ID' in 'where clause' at query :  SELECT *FROM tabel_absenWHEREFROM_TBL = 1 AND STATUS='1' AND APPROVE = 1 AND KARYAWAN_ID='4' AND(TGL_JADWAL >= '2022-02-01' AND TGL_JADWAL <= '2022-02-28')
22:07  Error : Unknown column 'KARYAWAN_ID' in 'where clause' at query :  SELECT *FROM tabel_absenWHEREFROM_TBL = 1 AND STATUS='1' AND APPROVE = 1 AND KARYAWAN_ID='4' AND(TGL_JADWAL >= '2022-02-01' AND TGL_JADWAL <= '2022-02-28')
22:07  Error : Unknown column 'KARYAWAN_ID' in 'where clause' at query :  SELECT *FROM tabel_absenWHEREFROM_TBL = 1 AND STATUS='1' AND APPROVE = 1 AND KARYAWAN_ID='4' AND(TGL_JADWAL >= '2022-02-01' AND TGL_JADWAL <= '2022-02-28')
22:07  Error : Unknown column 'KARYAWAN_ID' in 'where clause' at query :  SELECT *FROM tabel_absenWHEREFROM_TBL = 1 AND STATUS='1' AND APPROVE = 1 AND KARYAWAN_ID='4' AND(TGL_JADWAL >= '2022-02-01' AND TGL_JADWAL <= '2022-02-28')
22:07  Error : Unknown column 'KARYAWAN_ID' in 'where clause' at query :  SELECT *FROM tabel_absenWHEREFROM_TBL = 1 AND STATUS= 1 AND APPROVE = 1 AND KARYAWAN_ID='4' AND(TGL_JADWAL >= '2022-02-01' AND TGL_JADWAL <= '2022-02-28')
22:07  Error : Unknown column 'KARYAWAN_ID' in 'where clause' at query :  SELECT *FROM tabel_absenWHEREFROM_TBL = 1 AND STATUS= 1 AND APPROVE = 1 AND KARYAWAN_ID='4' AND(TGL_JADWAL >= '2022-02-01' AND TGL_JADWAL <= '2022-02-28')
22:07  Error : Unknown column 'KARYAWAN_ID' in 'where clause' at query :  SELECT *FROM tabel_absenWHEREFROM_TBL = 1 AND STATUS= 1 AND APPROVE = 1 AND KARYAWAN_ID='4' AND(TGL_JADWAL >= '2022-02-01' AND TGL_JADWAL <= '2022-02-28')
22:07  Error : Unknown column 'KARYAWAN_ID' in 'where clause' at query :  SELECT *FROM tabel_absenWHEREFROM_TBL = 1 AND STATUS= 1 AND APPROVE = 1 AND KARYAWAN_ID='4' AND(TGL_JADWAL >= '2022-02-01' AND TGL_JADWAL <= '2022-02-28')
22:07  Error : Unknown column 'KARYAWAN_ID' in 'where clause' at query :  SELECT *FROM tabel_absenWHEREFROM_TBL = 1 AND STATUS= 1 AND APPROVE = 1 AND KARYAWAN_ID='4' AND(TGL_JADWAL >= '2022-02-01' AND TGL_JADWAL <= '2022-02-28')
22:08  Error : Unknown column 'KARYAWAN_ID' in 'where clause' at query :  SELECT *FROM tabel_absenWHEREFROM_TBL = 1 AND STATUS = 1 AND APPROVE = 1 AND KARYAWAN_ID='4' AND(TGL_JADWAL >= '2022-02-01' AND TGL_JADWAL <= '2022-02-28')
22:08  Error : Unknown column 'KARYAWAN_ID' in 'where clause' at query :  SELECT *FROM tabel_absenWHEREFROM_TBL = 1 AND STATUS = 1 AND APPROVE = 1 AND KARYAWAN_ID='4' AND(TGL_JADWAL >= '2022-02-01' AND TGL_JADWAL <= '2022-02-28')
22:08  Error : Unknown column 'KARYAWAN_ID' in 'where clause' at query :  SELECT *FROM tabel_absenWHEREFROM_TBL = 1 AND STATUS = 1 AND APPROVE = 1 AND KARYAWAN_ID='4' AND(TGL_JADWAL >= '2022-02-01' AND TGL_JADWAL <= '2022-02-28')
22:08  Error : Unknown column 'KARYAWAN_ID' in 'where clause' at query :  SELECT *FROM tabel_absenWHEREFROM_TBL = 1 AND STATUS = 1 AND APPROVE = 1 AND KARYAWAN_ID='4' AND(TGL_JADWAL >= '2022-02-01' AND TGL_JADWAL <= '2022-02-28')
22:08  Error : Unknown column 'KARYAWAN_ID' in 'where clause' at query :  SELECT *FROM tabel_absenWHEREFROM_TBL = 1 AND STATUS = 1 AND APPROVE = 1 AND KARYAWAN_ID='4' AND(TGL_JADWAL >= '2022-02-01' AND TGL_JADWAL <= '2022-02-28')
22:09  Error : Unknown column 'KARYAWAN_ID' in 'where clause' at query :  SELECT *FROM tabel_absenWHEREFROM_TBL = 1 AND STATUS = 1 AND APPROVE = 1 AND KARYAWAN_ID='4' 
22:09  Error : Unknown column 'KARYAWAN_ID' in 'where clause' at query :  SELECT *FROM tabel_absenWHEREFROM_TBL = 1 AND STATUS = 1 AND APPROVE = 1 AND KARYAWAN_ID='4' 
22:09  Error : Unknown column 'KARYAWAN_ID' in 'where clause' at query :  SELECT *FROM tabel_absenWHEREFROM_TBL = 1 AND STATUS = 1 AND APPROVE = 1 AND KARYAWAN_ID='4' 
22:09  Error : Unknown column 'KARYAWAN_ID' in 'where clause' at query :  SELECT *FROM tabel_absenWHEREFROM_TBL = 1 AND STATUS = 1 AND APPROVE = 1 AND KARYAWAN_ID='4' 
22:09  Error : You have an error in your SQL syntax; check the manual that corresponds to your MariaDB server version for the right syntax to use near '' at line 5 at query :  SELECT *FROM tabel_absenWHEREFROM_TBL = 1 AND STATUS = 1 AND APPROVE = 1 AND KARYAWAN_ID='4' AND
22:10  Error : Unknown column 'KARYAWAN_ID' in 'where clause' at query :  SELECT *FROM tabel_absenWHERE FROM_TBL = 1 AND STATUS = 1 AND APPROVE = 1 AND  KARYAWAN_ID='4' AND (TGL_JADWAL >= '2022-02-01' AND TGL_JADWAL <= '2022-02-28')
22:13  Error : Unknown column 'KARYAWAN_ID' in 'where clause' at query :  SELECT *FROM tabel_absenWHERE FROM_TBL = 1 AND STATUS = 1 AND APPROVE = 1 AND  KARYAWAN_ID='4' AND (TGL_JADWAL >= '2022-02-01' AND TGL_JADWAL <= '2022-02-28')
22:13  Error : Unknown column 'KARYAWAN_ID' in 'where clause' at query :  SELECT *FROM tabel_absenWHERE FROM_TBL = 1 AND STATUS = 1 AND APPROVE = 1 AND  KARYAWAN_ID='4' AND (TGL_JADWAL >= '2022-02-01' AND TGL_JADWAL <= '2022-02-28')
22:14  Error : Unknown column 'KARYAWAN_ID' in 'where clause' at query :  SELECT *FROM tabel_absenWHERE FROM_TBL = 1 AND STATUS = 1 AND APPROVE = 1 AND  KARYAWAN_ID='4'
22:14  Error : Unknown column 'KARYAWAN_ID' in 'where clause' at query :  SELECT *FROM tabel_absenWHERE FROM_TBL = 1 AND STATUS = 1 AND APPROVE = 1 AND  KARYAWAN_ID='4'
22:14  Error : Unknown column 'KARYAWAN_ID' in 'where clause' at query :  SELECT *FROM tabel_absenWHERE FROM_TBL = 1 AND STATUS = 1 AND APPROVE = 1 AND  KARYAWAN_ID='4'
22:15  Error : Unknown column 'KARYAWAN_ID' in 'where clause' at query :  SELECT *FROM tabel_absenWHERE FROM_TBL = 1 AND STATUS = 1 AND APPROVE = 1 AND  KARYAWAN_ID='4'
22:16  Error : Unknown column 'KARYAWAN_ID' in 'where clause' at query :  SELECT *FROM tabel_absenWHERE FROM_TBL = 1 AND STATUS = 1 AND APPROVE = 1 AND KARYAWAN_ID='4'
22:17  Error : You have an error in your SQL syntax; check the manual that corresponds to your MariaDB server version for the right syntax to use near 'ID_KARYAWAN ='4' AND (TGL_JADWAL >= '2022-02-01' AND TGL_JADWAL <= '2022-02-28')' at line 3 at query :  SELECT *FROM tabel_absenWHERE FROM_TBL = '1' AND STATUS = '1' AND APPROVE = '1' ID_KARYAWAN ='4' AND (TGL_JADWAL >= '2022-02-01' AND TGL_JADWAL <= '2022-02-28')
22:17  Error : You have an error in your SQL syntax; check the manual that corresponds to your MariaDB server version for the right syntax to use near 'ID_KARYAWAN ='4'' at line 3 at query :  SELECT *FROM tabel_absenWHERE FROM_TBL = '1' AND STATUS = '1' AND APPROVE = '1' ID_KARYAWAN ='4'
