13:34  Error : You have an error in your SQL syntax; check the manual that corresponds to your MariaDB server version for the right syntax to use near '' at line 5 at query : SELECT K.*, J.*, PT.NILAI AS NILAI_PTKPFROM karyawan KLEFT JOIN jabatan J ON J.JABATAN_ID=K.JABATAN_IDLEFT JOIN ptkp PT ON PT.NAMA=K.STATUS_PTKPWHERE K.ST_KERJA = 'AKTIF' AND J.PROJECT_ID = 
13:34  Error : You have an error in your SQL syntax; check the manual that corresponds to your MariaDB server version for the right syntax to use near '' at line 5 at query : SELECT K.*, J.*, PT.NILAI AS NILAI_PTKPFROM karyawan KLEFT JOIN jabatan J ON J.JABATAN_ID=K.JABATAN_IDLEFT JOIN ptkp PT ON PT.NAMA=K.STATUS_PTKPWHERE K.ST_KERJA = 'AKTIF' AND J.PROJECT_ID = 
13:34  Error : You have an error in your SQL syntax; check the manual that corresponds to your MariaDB server version for the right syntax to use near '' at line 5 at query : SELECT K.*, J.*, PT.NILAI AS NILAI_PTKPFROM karyawan KLEFT JOIN jabatan J ON J.JABATAN_ID=K.JABATAN_IDLEFT JOIN ptkp PT ON PT.NAMA=K.STATUS_PTKPWHERE K.ST_KERJA = 'AKTIF' AND J.PROJECT_ID = 
14:11  Error : Unknown column 'NAMA' in 'order clause' at query : SELECT PP.*, SUM(PP.PPH21) AS TOTAL_PPHFROM pph21 PP  WHERE  PP.PERIODE_ID = '4' ORDER BY NAMA asc
14:14  Error : Unknown column 'NAMA' in 'order clause' at query : SELECT PP.*, SUM(PP.PPH21) AS TOTAL_PPHFROM pph21 PP  WHERE  PP.PERIODE_ID = '4' ORDER BY NAMA asc
14:15  Error : Unknown column 'NAMA' in 'order clause' at query : SELECT PP.*, SUM(PP.PPH21) AS TOTAL_PPHFROM pph21 PP  WHERE  PP.PERIODE_ID = '4' ORDER BY NAMA asc
14:15  Error : Unknown column 'NAMA' in 'order clause' at query : SELECT PP.*, SUM(PP.PPH21) AS TOTAL_PPHFROM pph21 PP  WHERE  PP.PERIODE_ID = '4' ORDER BY NAMA asc
14:17  Error : Unknown column 'NAMA' in 'order clause' at query : SELECT PP.*, SUM(PP.PPH21) AS TOTAL_PPHFROM pph21 PP  WHERE  PP.PERIODE_ID = '2' ORDER BY NAMA asc
14:17  Error : Unknown column 'NAMA' in 'order clause' at query : SELECT PP.*, SUM(PP.PPH21) AS TOTAL_PPHFROM pph21 PP  WHERE  PP.PERIODE_ID = '2' ORDER BY NAMA asc
14:19  Error : Unknown column 'NAMA' in 'order clause' at query : SELECT SUM(PP.PPH21) AS TOTAL_PPHFROM pph21 PP  WHERE  PP.PERIODE_ID = '4' ORDER BY NAMA asc
14:23  Error : Unknown column 'NAMA' in 'order clause' at query : SELECT *FROM pph21 PP  WHERE  PP.PERIODE_ID = '4' ORDER BY NAMA asc
14:23  Error : Unknown column 'NAMA' in 'order clause' at query : SELECT *FROM pph21 PP  WHERE  PP.PERIODE_ID = '4' ORDER BY NAMA asc
14:23  Error : Unknown column 'NAMA' in 'order clause' at query : SELECT *FROM pph21 PP  WHERE  PP.PERIODE_ID = '4' ORDER BY NAMA asc
14:24  Error : Unknown column 'NAMA' in 'order clause' at query : SELECT *FROM pph21 WHERE  PERIODE_ID = '4' ORDER BY NAMA asc
14:25  Error : Column 'PERIODE_ID' in where clause is ambiguous at query : SELECT  PP.*,P.PERIODE AS PERIODE, PO.POSISI, K.NIK AS NIK, K.NAMA AS NAMA, K.TGL_MASUKFROM pph21 PPLEFT JOIN periode P ON (P.PERIODE_ID=PP.PERIODE_ID) LEFT JOIN karyawan K ON (K.KARYAWAN_ID=PP.KARYAWAN_ID) LEFT JOIN posisi PO ON (PO.POSISI_ID=K.POSISI_ID) WHERE  PERIODE_ID = '4' ORDER BY NAMA asc
14:27  Error : Unknown column 'NAMA' in 'order clause' at query : SELECT  PP.*,P.PERIODE AS PERIODEFROM pph21 PPLEFT JOIN periode P ON (P.PERIODE_ID=PP.PERIODE_ID)  WHERE  P.PERIODE_ID = '4' ORDER BY NAMA asc
14:27  Error : Unknown column 'PO.POSISI' in 'field list' at query : SELECT  PP.*,P.PERIODE AS PERIODE, PO.POSISI, K.NIK AS NIK, K.NAMA AS NAMA, K.TGL_MASUKFROM pph21 PPLEFT JOIN periode P ON (P.PERIODE_ID=PP.PERIODE_ID)  WHERE  P.PERIODE_ID = '4' ORDER BY NAMA asc
14:28  Error : Unknown column 'NAMA' in 'order clause' at query : SELECT  PP.*,P.PERIODE AS PERIODEFROM pph21 PPLEFT JOIN periode P ON (P.PERIODE_ID=PP.PERIODE_ID)  WHERE  P.PERIODE_ID = '4' ORDER BY NAMA asc
14:29  Error : Unknown column 'NAMA' in 'order clause' at query : SELECT  PP.*,P.PERIODE AS PERIODEFROM pph21 PPLEFT JOIN periode P ON (P.PERIODE_ID=PP.PERIODE_ID)  WHERE  P.PERIODE_ID = '4' ORDER BY NAMA asc
14:42  Error : You have an error in your SQL syntax; check the manual that corresponds to your MariaDB server version for the right syntax to use near '' at line 5 at query : SELECT K.*, J.*, PT.NILAI AS NILAI_PTKPFROM karyawan KLEFT JOIN jabatan J ON J.JABATAN_ID=K.JABATAN_IDLEFT JOIN ptkp PT ON PT.NAMA=K.STATUS_PTKPWHERE K.ST_KERJA = 'AKTIF' AND J.PROJECT_ID = 
14:43  Error : You have an error in your SQL syntax; check the manual that corresponds to your MariaDB server version for the right syntax to use near '' at line 5 at query : SELECT K.*, J.*, PT.NILAI AS NILAI_PTKPFROM karyawan KLEFT JOIN jabatan J ON J.JABATAN_ID=K.JABATAN_IDLEFT JOIN ptkp PT ON PT.NAMA=K.STATUS_PTKPWHERE K.ST_KERJA = 'AKTIF' AND J.PROJECT_ID = 
