12:45  Error : Table 'hris_2309.bpjs' doesn't exist at query :  DELETE FROM bpjs WHERE PERIODE_ID='13' AND PROJECT_ID='2' 
12:45  Error : Table 'hris_2309.kelebihan_jamajar' doesn't exist at query :  SELECT * FROM kelebihan_jamajar WHERE PERIODE_ID='13' AND KARYAWAN_ID='21'  AND STATUS = 'APPROVED' 
12:45  Error : Table 'hris_2309.bpjs' doesn't exist at query : INSERT IGNORE bpjs(PERIODE_ID,PROJECT_ID,KARYAWAN_ID,GAJI_POKOK,GAJI_POKOK_PRORATA,BPJS_JHT,BPJS_JP,BPJS_JKK,BPJS_JKM,BPJS_KES,BPJS_JHT_PERUSAHAAN,BPJS_JP_PERUSAHAAN,BPJS_JKK_PERUSAHAAN,BPJS_JKM_PERUSAHAAN,BPJS_KES_PERUSAHAAN,TOTAL_BPJS_KARYAWAN,TOTAL_BPJS_PERUSAHAAN)VALUES('13','2','21','0','0','0','0','0','0','0','0','0','0','0','0','0','0')
12:45  Error : Table 'hris_2309.kelebihan_jamajar' doesn't exist at query :  SELECT * FROM kelebihan_jamajar WHERE PERIODE_ID='13' AND KARYAWAN_ID='4001'  AND STATUS = 'APPROVED' 
12:45  Error : Table 'hris_2309.bpjs' doesn't exist at query : INSERT IGNORE bpjs(PERIODE_ID,PROJECT_ID,KARYAWAN_ID,GAJI_POKOK,GAJI_POKOK_PRORATA,BPJS_JHT,BPJS_JP,BPJS_JKK,BPJS_JKM,BPJS_KES,BPJS_JHT_PERUSAHAAN,BPJS_JP_PERUSAHAAN,BPJS_JKK_PERUSAHAAN,BPJS_JKM_PERUSAHAAN,BPJS_KES_PERUSAHAAN,TOTAL_BPJS_KARYAWAN,TOTAL_BPJS_PERUSAHAAN)VALUES('13','2','4001','4750000','0','95000','47500','0','0','47500','142500','95000','0','0','190000','190000','427500')
12:45  Error : Table 'hris_2309.kelebihan_jamajar' doesn't exist at query :  SELECT * FROM kelebihan_jamajar WHERE PERIODE_ID='13' AND KARYAWAN_ID='4002'  AND STATUS = 'APPROVED' 
12:45  Error : Table 'hris_2309.bpjs' doesn't exist at query : INSERT IGNORE bpjs(PERIODE_ID,PROJECT_ID,KARYAWAN_ID,GAJI_POKOK,GAJI_POKOK_PRORATA,BPJS_JHT,BPJS_JP,BPJS_JKK,BPJS_JKM,BPJS_KES,BPJS_JHT_PERUSAHAAN,BPJS_JP_PERUSAHAAN,BPJS_JKK_PERUSAHAAN,BPJS_JKM_PERUSAHAAN,BPJS_KES_PERUSAHAAN,TOTAL_BPJS_KARYAWAN,TOTAL_BPJS_PERUSAHAAN)VALUES('13','2','4002','4750000','0','95000','47500','0','0','47500','142500','95000','0','0','190000','190000','427500')
12:45  Error : Table 'hris_2309.kelebihan_jamajar' doesn't exist at query :  SELECT * FROM kelebihan_jamajar WHERE PERIODE_ID='13' AND KARYAWAN_ID='4003'  AND STATUS = 'APPROVED' 
12:45  Error : Table 'hris_2309.bpjs' doesn't exist at query : INSERT IGNORE bpjs(PERIODE_ID,PROJECT_ID,KARYAWAN_ID,GAJI_POKOK,GAJI_POKOK_PRORATA,BPJS_JHT,BPJS_JP,BPJS_JKK,BPJS_JKM,BPJS_KES,BPJS_JHT_PERUSAHAAN,BPJS_JP_PERUSAHAAN,BPJS_JKK_PERUSAHAAN,BPJS_JKM_PERUSAHAAN,BPJS_KES_PERUSAHAAN,TOTAL_BPJS_KARYAWAN,TOTAL_BPJS_PERUSAHAAN)VALUES('13','2','4003','4400000','0','88000','44000','0','0','44000','132000','88000','0','0','176000','176000','396000')
12:45  Error : Table 'hris_2309.kelebihan_jamajar' doesn't exist at query :  SELECT * FROM kelebihan_jamajar WHERE PERIODE_ID='13' AND KARYAWAN_ID='4005'  AND STATUS = 'APPROVED' 
12:45  Error : Table 'hris_2309.bpjs' doesn't exist at query : INSERT IGNORE bpjs(PERIODE_ID,PROJECT_ID,KARYAWAN_ID,GAJI_POKOK,GAJI_POKOK_PRORATA,BPJS_JHT,BPJS_JP,BPJS_JKK,BPJS_JKM,BPJS_KES,BPJS_JHT_PERUSAHAAN,BPJS_JP_PERUSAHAAN,BPJS_JKK_PERUSAHAAN,BPJS_JKM_PERUSAHAAN,BPJS_KES_PERUSAHAAN,TOTAL_BPJS_KARYAWAN,TOTAL_BPJS_PERUSAHAAN)VALUES('13','2','4005','4200000','0','84000','42000','0','0','42000','126000','84000','0','0','168000','168000','378000')
12:45  Error : Table 'hris_2309.kelebihan_jamajar' doesn't exist at query :  SELECT * FROM kelebihan_jamajar WHERE PERIODE_ID='13' AND KARYAWAN_ID='4006'  AND STATUS = 'APPROVED' 
12:45  Error : Table 'hris_2309.bpjs' doesn't exist at query : INSERT IGNORE bpjs(PERIODE_ID,PROJECT_ID,KARYAWAN_ID,GAJI_POKOK,GAJI_POKOK_PRORATA,BPJS_JHT,BPJS_JP,BPJS_JKK,BPJS_JKM,BPJS_KES,BPJS_JHT_PERUSAHAAN,BPJS_JP_PERUSAHAAN,BPJS_JKK_PERUSAHAAN,BPJS_JKM_PERUSAHAAN,BPJS_KES_PERUSAHAAN,TOTAL_BPJS_KARYAWAN,TOTAL_BPJS_PERUSAHAAN)VALUES('13','2','4006','4200000','0','0','0','0','0','0','0','0','0','0','0','0','0')
12:45  Error : Table 'hris_2309.kelebihan_jamajar' doesn't exist at query :  SELECT * FROM kelebihan_jamajar WHERE PERIODE_ID='13' AND KARYAWAN_ID='8023'  AND STATUS = 'APPROVED' 
12:45  Error : Table 'hris_2309.bpjs' doesn't exist at query : INSERT IGNORE bpjs(PERIODE_ID,PROJECT_ID,KARYAWAN_ID,GAJI_POKOK,GAJI_POKOK_PRORATA,BPJS_JHT,BPJS_JP,BPJS_JKK,BPJS_JKM,BPJS_KES,BPJS_JHT_PERUSAHAAN,BPJS_JP_PERUSAHAAN,BPJS_JKK_PERUSAHAAN,BPJS_JKM_PERUSAHAAN,BPJS_KES_PERUSAHAAN,TOTAL_BPJS_KARYAWAN,TOTAL_BPJS_PERUSAHAAN)VALUES('13','2','8023','4417500','0','0','0','0','0','0','0','0','0','0','0','0','0')
12:45  Error : Table 'hris_2309.kelebihan_jamajar' doesn't exist at query :  SELECT * FROM kelebihan_jamajar WHERE PERIODE_ID='13' AND KARYAWAN_ID='4004'  AND STATUS = 'APPROVED' 
12:45  Error : Table 'hris_2309.bpjs' doesn't exist at query : INSERT IGNORE bpjs(PERIODE_ID,PROJECT_ID,KARYAWAN_ID,GAJI_POKOK,GAJI_POKOK_PRORATA,BPJS_JHT,BPJS_JP,BPJS_JKK,BPJS_JKM,BPJS_KES,BPJS_JHT_PERUSAHAAN,BPJS_JP_PERUSAHAAN,BPJS_JKK_PERUSAHAAN,BPJS_JKM_PERUSAHAAN,BPJS_KES_PERUSAHAAN,TOTAL_BPJS_KARYAWAN,TOTAL_BPJS_PERUSAHAAN)VALUES('13','2','4004','4615000','0','92300','46150','0','0','46150','138450','92300','0','0','184600','184600','415350')
13:01  Error : Table 'hris_2309.bpjs' doesn't exist at query :  SELECT * FROM bpjs B WHERE B.PERIODE_ID='13' AND B.KARYAWAN_ID='21' 
13:01  Error : Table 'hris_2309.bpjs' doesn't exist at query :  SELECT * FROM bpjs B WHERE B.PERIODE_ID='13' AND B.KARYAWAN_ID='4001' 
13:01  Error : Table 'hris_2309.bpjs' doesn't exist at query :  SELECT * FROM bpjs B WHERE B.PERIODE_ID='13' AND B.KARYAWAN_ID='4002' 
13:01  Error : Table 'hris_2309.bpjs' doesn't exist at query :  SELECT * FROM bpjs B WHERE B.PERIODE_ID='13' AND B.KARYAWAN_ID='4003' 
13:01  Error : Table 'hris_2309.bpjs' doesn't exist at query :  SELECT * FROM bpjs B WHERE B.PERIODE_ID='13' AND B.KARYAWAN_ID='4004' 
13:01  Error : Table 'hris_2309.bpjs' doesn't exist at query :  SELECT * FROM bpjs B WHERE B.PERIODE_ID='13' AND B.KARYAWAN_ID='4005' 
13:01  Error : Table 'hris_2309.bpjs' doesn't exist at query :  SELECT * FROM bpjs B WHERE B.PERIODE_ID='13' AND B.KARYAWAN_ID='4006' 
13:01  Error : Table 'hris_2309.bpjs' doesn't exist at query :  SELECT * FROM bpjs B WHERE B.PERIODE_ID='13' AND B.KARYAWAN_ID='8023' 
13:35  Error : Unknown column 'R_POT_EARLY_TUNJ_TRANSPORT' in 'field list' at query :  UPDATE jabatan SET PROJECT_ID='2',JABATAN='Tenaga Pendidik - TK JAGAKARSA',R_GAJI_POKOK='1',R_LEMBUR='',R_CUTI='',R_BPJS_JHT='',R_BPJS_JP='',R_BPJS_KES='',R_MEDICAL_CASH='',R_TUNJ_TRANSPORT='1',R_TUNJ_MAKAN='1',R_TUNJ_KEAHLIAN='',R_TUNJ_KOMUNIKASI='',R_TUNJ_JABATAN='',R_TUNJ_KEHADIRAN='',R_TUNJ_PROYEK='',R_TUNJ_BACKUP='',R_TUNJ_SHIFT='',R_THR_PRORATA='',R_THR='',R_POT_ABSEN_GP='',R_POT_ABSEN_CUTI='',R_POT_ABSEN_TUNJ_TRANSPORT='1',R_POT_ABSEN_TUNJ_MAKAN='1',R_POT_ABSEN_TUNJ_KEHADIRAN='',R_POT_NSKD_GP='',R_POT_NSKD_CUTI='',R_POT_NSKD_TUNJ_TRANSPORT='',R_POT_NSKD_TUNJ_MAKAN='',R_POT_NSKD_TUNJ_KEHADIRAN='',R_POT_SKD_TUNJ_KEHADIRAN='',R_POT_LATE_TUNJ_TRANSPORT='1',R_POT_LATE_TUNJ_MAKAN='1',R_POT_LATE_TUNJ_KEHADIRAN='',R_POT_EARLY_TUNJ_TRANSPORT='1',R_POT_EARLY_TUNJ_MAKAN='1',R_POT_EARLY_TUNJ_KEHADIRAN='',TUNJ_MAKAN='50000',TUNJ_TRANSPORT='50000',TUNJ_KOMUNIKASI='',TUNJ_JABATAN='',KELEBIHAN_JAM_AJAR='',R_9JAM='' WHERE JABATAN_ID='30' 
13:40  Error : Table 'hris_2309.bpjs' doesn't exist at query :  DELETE FROM bpjs WHERE PERIODE_ID='13' AND PROJECT_ID='2' 
13:40  Error : Table 'hris_2309.kelebihan_jamajar' doesn't exist at query :  SELECT * FROM kelebihan_jamajar WHERE PERIODE_ID='13' AND KARYAWAN_ID='21'  AND STATUS = 'APPROVED' 
13:40  Error : Table 'hris_2309.bpjs' doesn't exist at query : INSERT IGNORE bpjs(PERIODE_ID,PROJECT_ID,KARYAWAN_ID,GAJI_POKOK,GAJI_POKOK_PRORATA,BPJS_JHT,BPJS_JP,BPJS_JKK,BPJS_JKM,BPJS_KES,BPJS_JHT_PERUSAHAAN,BPJS_JP_PERUSAHAAN,BPJS_JKK_PERUSAHAAN,BPJS_JKM_PERUSAHAAN,BPJS_KES_PERUSAHAAN,TOTAL_BPJS_KARYAWAN,TOTAL_BPJS_PERUSAHAAN)VALUES('13','2','21','0','0','0','0','0','0','0','0','0','0','0','0','0','0')
13:40  Error : Table 'hris_2309.kelebihan_jamajar' doesn't exist at query :  SELECT * FROM kelebihan_jamajar WHERE PERIODE_ID='13' AND KARYAWAN_ID='4001'  AND STATUS = 'APPROVED' 
13:40  Error : Table 'hris_2309.bpjs' doesn't exist at query : INSERT IGNORE bpjs(PERIODE_ID,PROJECT_ID,KARYAWAN_ID,GAJI_POKOK,GAJI_POKOK_PRORATA,BPJS_JHT,BPJS_JP,BPJS_JKK,BPJS_JKM,BPJS_KES,BPJS_JHT_PERUSAHAAN,BPJS_JP_PERUSAHAAN,BPJS_JKK_PERUSAHAAN,BPJS_JKM_PERUSAHAAN,BPJS_KES_PERUSAHAAN,TOTAL_BPJS_KARYAWAN,TOTAL_BPJS_PERUSAHAAN)VALUES('13','2','4001','4750000','0','95000','47500','0','0','47500','142500','95000','0','0','190000','190000','427500')
13:40  Error : Table 'hris_2309.kelebihan_jamajar' doesn't exist at query :  SELECT * FROM kelebihan_jamajar WHERE PERIODE_ID='13' AND KARYAWAN_ID='4002'  AND STATUS = 'APPROVED' 
13:40  Error : Table 'hris_2309.bpjs' doesn't exist at query : INSERT IGNORE bpjs(PERIODE_ID,PROJECT_ID,KARYAWAN_ID,GAJI_POKOK,GAJI_POKOK_PRORATA,BPJS_JHT,BPJS_JP,BPJS_JKK,BPJS_JKM,BPJS_KES,BPJS_JHT_PERUSAHAAN,BPJS_JP_PERUSAHAAN,BPJS_JKK_PERUSAHAAN,BPJS_JKM_PERUSAHAAN,BPJS_KES_PERUSAHAAN,TOTAL_BPJS_KARYAWAN,TOTAL_BPJS_PERUSAHAAN)VALUES('13','2','4002','4750000','0','95000','47500','0','0','47500','142500','95000','0','0','190000','190000','427500')
13:40  Error : Table 'hris_2309.kelebihan_jamajar' doesn't exist at query :  SELECT * FROM kelebihan_jamajar WHERE PERIODE_ID='13' AND KARYAWAN_ID='4003'  AND STATUS = 'APPROVED' 
13:40  Error : Table 'hris_2309.bpjs' doesn't exist at query : INSERT IGNORE bpjs(PERIODE_ID,PROJECT_ID,KARYAWAN_ID,GAJI_POKOK,GAJI_POKOK_PRORATA,BPJS_JHT,BPJS_JP,BPJS_JKK,BPJS_JKM,BPJS_KES,BPJS_JHT_PERUSAHAAN,BPJS_JP_PERUSAHAAN,BPJS_JKK_PERUSAHAAN,BPJS_JKM_PERUSAHAAN,BPJS_KES_PERUSAHAAN,TOTAL_BPJS_KARYAWAN,TOTAL_BPJS_PERUSAHAAN)VALUES('13','2','4003','4400000','0','88000','44000','0','0','44000','132000','88000','0','0','176000','176000','396000')
13:40  Error : Table 'hris_2309.kelebihan_jamajar' doesn't exist at query :  SELECT * FROM kelebihan_jamajar WHERE PERIODE_ID='13' AND KARYAWAN_ID='4005'  AND STATUS = 'APPROVED' 
13:40  Error : Table 'hris_2309.bpjs' doesn't exist at query : INSERT IGNORE bpjs(PERIODE_ID,PROJECT_ID,KARYAWAN_ID,GAJI_POKOK,GAJI_POKOK_PRORATA,BPJS_JHT,BPJS_JP,BPJS_JKK,BPJS_JKM,BPJS_KES,BPJS_JHT_PERUSAHAAN,BPJS_JP_PERUSAHAAN,BPJS_JKK_PERUSAHAAN,BPJS_JKM_PERUSAHAAN,BPJS_KES_PERUSAHAAN,TOTAL_BPJS_KARYAWAN,TOTAL_BPJS_PERUSAHAAN)VALUES('13','2','4005','4200000','0','84000','42000','0','0','42000','126000','84000','0','0','168000','168000','378000')
13:40  Error : Table 'hris_2309.kelebihan_jamajar' doesn't exist at query :  SELECT * FROM kelebihan_jamajar WHERE PERIODE_ID='13' AND KARYAWAN_ID='4006'  AND STATUS = 'APPROVED' 
13:40  Error : Table 'hris_2309.bpjs' doesn't exist at query : INSERT IGNORE bpjs(PERIODE_ID,PROJECT_ID,KARYAWAN_ID,GAJI_POKOK,GAJI_POKOK_PRORATA,BPJS_JHT,BPJS_JP,BPJS_JKK,BPJS_JKM,BPJS_KES,BPJS_JHT_PERUSAHAAN,BPJS_JP_PERUSAHAAN,BPJS_JKK_PERUSAHAAN,BPJS_JKM_PERUSAHAAN,BPJS_KES_PERUSAHAAN,TOTAL_BPJS_KARYAWAN,TOTAL_BPJS_PERUSAHAAN)VALUES('13','2','4006','4200000','0','0','0','0','0','0','0','0','0','0','0','0','0')
13:40  Error : Table 'hris_2309.kelebihan_jamajar' doesn't exist at query :  SELECT * FROM kelebihan_jamajar WHERE PERIODE_ID='13' AND KARYAWAN_ID='8023'  AND STATUS = 'APPROVED' 
13:40  Error : Table 'hris_2309.bpjs' doesn't exist at query : INSERT IGNORE bpjs(PERIODE_ID,PROJECT_ID,KARYAWAN_ID,GAJI_POKOK,GAJI_POKOK_PRORATA,BPJS_JHT,BPJS_JP,BPJS_JKK,BPJS_JKM,BPJS_KES,BPJS_JHT_PERUSAHAAN,BPJS_JP_PERUSAHAAN,BPJS_JKK_PERUSAHAAN,BPJS_JKM_PERUSAHAAN,BPJS_KES_PERUSAHAAN,TOTAL_BPJS_KARYAWAN,TOTAL_BPJS_PERUSAHAAN)VALUES('13','2','8023','4417500','0','0','0','0','0','0','0','0','0','0','0','0','0')
13:40  Error : Table 'hris_2309.kelebihan_jamajar' doesn't exist at query :  SELECT * FROM kelebihan_jamajar WHERE PERIODE_ID='13' AND KARYAWAN_ID='4004'  AND STATUS = 'APPROVED' 
13:40  Error : Table 'hris_2309.bpjs' doesn't exist at query : INSERT IGNORE bpjs(PERIODE_ID,PROJECT_ID,KARYAWAN_ID,GAJI_POKOK,GAJI_POKOK_PRORATA,BPJS_JHT,BPJS_JP,BPJS_JKK,BPJS_JKM,BPJS_KES,BPJS_JHT_PERUSAHAAN,BPJS_JP_PERUSAHAAN,BPJS_JKK_PERUSAHAAN,BPJS_JKM_PERUSAHAAN,BPJS_KES_PERUSAHAAN,TOTAL_BPJS_KARYAWAN,TOTAL_BPJS_PERUSAHAAN)VALUES('13','2','4004','4615000','0','92300','46150','0','0','46150','138450','92300','0','0','184600','184600','415350')
19:45  Error : Table 'hris_2309.kelebihan_jamajar' doesn't exist at query : SELECT COUNT(1) as cntFROM kelebihan_jamajar E LEFT JOIN periode R ON (R.PERIODE_ID=E.PERIODE_ID) LEFT JOIN karyawan K ON (K.KARYAWAN_ID=E.KARYAWAN_ID) WHERE  E.PERIODE_ID = '13'  AND  E.PROJECT_ID = '1' 
19:45  Error : Table 'hris_2309.kelebihan_jamajar' doesn't exist at query : SELECT E.*, R.PERIODE, K.NAMA, K.NIKFROM kelebihan_jamajar E LEFT JOIN periode R ON (R.PERIODE_ID=E.PERIODE_ID) LEFT JOIN karyawan K ON (K.KARYAWAN_ID=E.KARYAWAN_ID) WHERE  E.PERIODE_ID = '13'  AND  E.PROJECT_ID = '1' ORDER BY TANGGAL desc
