14:30  Error : You have an error in your SQL syntax; check the manual that corresponds to your MariaDB server version for the right syntax to use near '' at line 1 at query :  INSERT INTO histori_status (`KARYAWAN_ID`,`HISTORI_STATUS`,`TGL`) VALUES 
14:30  Error : You have an error in your SQL syntax; check the manual that corresponds to your MariaDB server version for the right syntax to use near '' at line 1 at query :  INSERT INTO histori_status (`KARYAWAN_ID`,`HISTORI_STATUS`,`TGL`) VALUES 
14:30  Error : You have an error in your SQL syntax; check the manual that corresponds to your MariaDB server version for the right syntax to use near '' at line 1 at query :  INSERT INTO histori_status (`KARYAWAN_ID`,`HISTORI_STATUS`,`TGL`) VALUES 
14:30  Error : You have an error in your SQL syntax; check the manual that corresponds to your MariaDB server version for the right syntax to use near '' at line 1 at query :  INSERT INTO histori_status (`KARYAWAN_ID`,`HISTORI_STATUS`,`TGL`) VALUES 
14:30  Error : You have an error in your SQL syntax; check the manual that corresponds to your MariaDB server version for the right syntax to use near '' at line 1 at query :  INSERT INTO histori_status (`KARYAWAN_ID`,`HISTORI_STATUS`,`TGL`) VALUES 
14:30  Error : You have an error in your SQL syntax; check the manual that corresponds to your MariaDB server version for the right syntax to use near '' at line 1 at query :  INSERT INTO histori_status (`KARYAWAN_ID`,`HISTORI_STATUS`,`TGL`) VALUES 
14:30  Error : You have an error in your SQL syntax; check the manual that corresponds to your MariaDB server version for the right syntax to use near '' at line 1 at query :  INSERT INTO histori_status (`KARYAWAN_ID`,`HISTORI_STATUS`,`TGL`) VALUES 
14:30  Error : You have an error in your SQL syntax; check the manual that corresponds to your MariaDB server version for the right syntax to use near '' at line 1 at query :  INSERT INTO histori_status (`KARYAWAN_ID`,`HISTORI_STATUS`,`TGL`) VALUES 
14:30  Error : You have an error in your SQL syntax; check the manual that corresponds to your MariaDB server version for the right syntax to use near '' at line 1 at query :  INSERT INTO histori_status (`KARYAWAN_ID`,`HISTORI_STATUS`,`TGL`) VALUES 
14:30  Error : You have an error in your SQL syntax; check the manual that corresponds to your MariaDB server version for the right syntax to use near '' at line 1 at query :  INSERT INTO histori_status (`KARYAWAN_ID`,`HISTORI_STATUS`,`TGL`) VALUES 
14:30  Error : You have an error in your SQL syntax; check the manual that corresponds to your MariaDB server version for the right syntax to use near '' at line 1 at query :  INSERT INTO histori_status (`KARYAWAN_ID`,`HISTORI_STATUS`,`TGL`) VALUES 
14:30  Error : You have an error in your SQL syntax; check the manual that corresponds to your MariaDB server version for the right syntax to use near '' at line 1 at query :  INSERT INTO histori_status (`KARYAWAN_ID`,`HISTORI_STATUS`,`TGL`) VALUES 
14:30  Error : You have an error in your SQL syntax; check the manual that corresponds to your MariaDB server version for the right syntax to use near '' at line 1 at query :  INSERT INTO histori_status (`KARYAWAN_ID`,`HISTORI_STATUS`,`TGL`) VALUES 
14:30  Error : You have an error in your SQL syntax; check the manual that corresponds to your MariaDB server version for the right syntax to use near '' at line 1 at query :  INSERT INTO histori_status (`KARYAWAN_ID`,`HISTORI_STATUS`,`TGL`) VALUES 
14:30  Error : You have an error in your SQL syntax; check the manual that corresponds to your MariaDB server version for the right syntax to use near '' at line 1 at query :  INSERT INTO histori_status (`KARYAWAN_ID`,`HISTORI_STATUS`,`TGL`) VALUES 
14:30  Error : You have an error in your SQL syntax; check the manual that corresponds to your MariaDB server version for the right syntax to use near '' at line 1 at query :  INSERT INTO histori_status (`KARYAWAN_ID`,`HISTORI_STATUS`,`TGL`) VALUES 
14:30  Error : You have an error in your SQL syntax; check the manual that corresponds to your MariaDB server version for the right syntax to use near '' at line 1 at query :  INSERT INTO histori_status (`KARYAWAN_ID`,`HISTORI_STATUS`,`TGL`) VALUES 
14:30  Error : You have an error in your SQL syntax; check the manual that corresponds to your MariaDB server version for the right syntax to use near '' at line 1 at query :  INSERT INTO histori_status (`KARYAWAN_ID`,`HISTORI_STATUS`,`TGL`) VALUES 
14:30  Error : You have an error in your SQL syntax; check the manual that corresponds to your MariaDB server version for the right syntax to use near '' at line 1 at query :  INSERT INTO histori_status (`KARYAWAN_ID`,`HISTORI_STATUS`,`TGL`) VALUES 
14:30  Error : You have an error in your SQL syntax; check the manual that corresponds to your MariaDB server version for the right syntax to use near '' at line 1 at query :  INSERT INTO histori_status (`KARYAWAN_ID`,`HISTORI_STATUS`,`TGL`) VALUES 
14:30  Error : You have an error in your SQL syntax; check the manual that corresponds to your MariaDB server version for the right syntax to use near '' at line 1 at query :  INSERT INTO histori_status (`KARYAWAN_ID`,`HISTORI_STATUS`,`TGL`) VALUES 
14:30  Error : You have an error in your SQL syntax; check the manual that corresponds to your MariaDB server version for the right syntax to use near '' at line 1 at query :  INSERT INTO histori_status (`KARYAWAN_ID`,`HISTORI_STATUS`,`TGL`) VALUES 
14:30  Error : You have an error in your SQL syntax; check the manual that corresponds to your MariaDB server version for the right syntax to use near '' at line 1 at query :  INSERT INTO histori_status (`KARYAWAN_ID`,`HISTORI_STATUS`,`TGL`) VALUES 
14:30  Error : You have an error in your SQL syntax; check the manual that corresponds to your MariaDB server version for the right syntax to use near '' at line 1 at query :  INSERT INTO histori_status (`KARYAWAN_ID`,`HISTORI_STATUS`,`TGL`) VALUES 
14:30  Error : You have an error in your SQL syntax; check the manual that corresponds to your MariaDB server version for the right syntax to use near '' at line 1 at query :  INSERT INTO histori_status (`KARYAWAN_ID`,`HISTORI_STATUS`,`TGL`) VALUES 
14:30  Error : You have an error in your SQL syntax; check the manual that corresponds to your MariaDB server version for the right syntax to use near '' at line 1 at query :  INSERT INTO histori_status (`KARYAWAN_ID`,`HISTORI_STATUS`,`TGL`) VALUES 
14:30  Error : You have an error in your SQL syntax; check the manual that corresponds to your MariaDB server version for the right syntax to use near '' at line 1 at query :  INSERT INTO histori_status (`KARYAWAN_ID`,`HISTORI_STATUS`,`TGL`) VALUES 
14:30  Error : You have an error in your SQL syntax; check the manual that corresponds to your MariaDB server version for the right syntax to use near '' at line 1 at query :  INSERT INTO histori_status (`KARYAWAN_ID`,`HISTORI_STATUS`,`TGL`) VALUES 
14:30  Error : You have an error in your SQL syntax; check the manual that corresponds to your MariaDB server version for the right syntax to use near '' at line 1 at query :  INSERT INTO histori_status (`KARYAWAN_ID`,`HISTORI_STATUS`,`TGL`) VALUES 
14:30  Error : You have an error in your SQL syntax; check the manual that corresponds to your MariaDB server version for the right syntax to use near '' at line 1 at query :  INSERT INTO histori_status (`KARYAWAN_ID`,`HISTORI_STATUS`,`TGL`) VALUES 
14:30  Error : You have an error in your SQL syntax; check the manual that corresponds to your MariaDB server version for the right syntax to use near '' at line 1 at query :  INSERT INTO histori_status (`KARYAWAN_ID`,`HISTORI_STATUS`,`TGL`) VALUES 
14:30  Error : You have an error in your SQL syntax; check the manual that corresponds to your MariaDB server version for the right syntax to use near '' at line 1 at query :  INSERT INTO histori_status (`KARYAWAN_ID`,`HISTORI_STATUS`,`TGL`) VALUES 
14:30  Error : You have an error in your SQL syntax; check the manual that corresponds to your MariaDB server version for the right syntax to use near '' at line 1 at query :  INSERT INTO histori_status (`KARYAWAN_ID`,`HISTORI_STATUS`,`TGL`) VALUES 
14:30  Error : You have an error in your SQL syntax; check the manual that corresponds to your MariaDB server version for the right syntax to use near '' at line 1 at query :  INSERT INTO histori_status (`KARYAWAN_ID`,`HISTORI_STATUS`,`TGL`) VALUES 
14:30  Error : You have an error in your SQL syntax; check the manual that corresponds to your MariaDB server version for the right syntax to use near '' at line 1 at query :  INSERT INTO histori_status (`KARYAWAN_ID`,`HISTORI_STATUS`,`TGL`) VALUES 
14:30  Error : You have an error in your SQL syntax; check the manual that corresponds to your MariaDB server version for the right syntax to use near '' at line 1 at query :  INSERT INTO histori_status (`KARYAWAN_ID`,`HISTORI_STATUS`,`TGL`) VALUES 
14:30  Error : You have an error in your SQL syntax; check the manual that corresponds to your MariaDB server version for the right syntax to use near '' at line 1 at query :  INSERT INTO histori_status (`KARYAWAN_ID`,`HISTORI_STATUS`,`TGL`) VALUES 
14:30  Error : You have an error in your SQL syntax; check the manual that corresponds to your MariaDB server version for the right syntax to use near '' at line 1 at query :  INSERT INTO histori_status (`KARYAWAN_ID`,`HISTORI_STATUS`,`TGL`) VALUES 
14:30  Error : You have an error in your SQL syntax; check the manual that corresponds to your MariaDB server version for the right syntax to use near '' at line 1 at query :  INSERT INTO histori_status (`KARYAWAN_ID`,`HISTORI_STATUS`,`TGL`) VALUES 
14:30  Error : You have an error in your SQL syntax; check the manual that corresponds to your MariaDB server version for the right syntax to use near '' at line 1 at query :  INSERT INTO histori_status (`KARYAWAN_ID`,`HISTORI_STATUS`,`TGL`) VALUES 
14:30  Error : You have an error in your SQL syntax; check the manual that corresponds to your MariaDB server version for the right syntax to use near '' at line 1 at query :  INSERT INTO histori_status (`KARYAWAN_ID`,`HISTORI_STATUS`,`TGL`) VALUES 
14:30  Error : You have an error in your SQL syntax; check the manual that corresponds to your MariaDB server version for the right syntax to use near '' at line 1 at query :  INSERT INTO histori_status (`KARYAWAN_ID`,`HISTORI_STATUS`,`TGL`) VALUES 
14:30  Error : You have an error in your SQL syntax; check the manual that corresponds to your MariaDB server version for the right syntax to use near '' at line 1 at query :  INSERT INTO histori_status (`KARYAWAN_ID`,`HISTORI_STATUS`,`TGL`) VALUES 
14:30  Error : You have an error in your SQL syntax; check the manual that corresponds to your MariaDB server version for the right syntax to use near '' at line 1 at query :  INSERT INTO histori_status (`KARYAWAN_ID`,`HISTORI_STATUS`,`TGL`) VALUES 
14:30  Error : You have an error in your SQL syntax; check the manual that corresponds to your MariaDB server version for the right syntax to use near '' at line 1 at query :  INSERT INTO histori_status (`KARYAWAN_ID`,`HISTORI_STATUS`,`TGL`) VALUES 
14:30  Error : You have an error in your SQL syntax; check the manual that corresponds to your MariaDB server version for the right syntax to use near '' at line 1 at query :  INSERT INTO histori_status (`KARYAWAN_ID`,`HISTORI_STATUS`,`TGL`) VALUES 
14:30  Error : You have an error in your SQL syntax; check the manual that corresponds to your MariaDB server version for the right syntax to use near '' at line 1 at query :  INSERT INTO histori_status (`KARYAWAN_ID`,`HISTORI_STATUS`,`TGL`) VALUES 
14:30  Error : You have an error in your SQL syntax; check the manual that corresponds to your MariaDB server version for the right syntax to use near '' at line 1 at query :  INSERT INTO histori_status (`KARYAWAN_ID`,`HISTORI_STATUS`,`TGL`) VALUES 
14:30  Error : You have an error in your SQL syntax; check the manual that corresponds to your MariaDB server version for the right syntax to use near '' at line 1 at query :  INSERT INTO histori_status (`KARYAWAN_ID`,`HISTORI_STATUS`,`TGL`) VALUES 
14:30  Error : You have an error in your SQL syntax; check the manual that corresponds to your MariaDB server version for the right syntax to use near '' at line 1 at query :  INSERT INTO histori_status (`KARYAWAN_ID`,`HISTORI_STATUS`,`TGL`) VALUES 
14:30  Error : You have an error in your SQL syntax; check the manual that corresponds to your MariaDB server version for the right syntax to use near '' at line 1 at query :  INSERT INTO histori_status (`KARYAWAN_ID`,`HISTORI_STATUS`,`TGL`) VALUES 
14:30  Error : You have an error in your SQL syntax; check the manual that corresponds to your MariaDB server version for the right syntax to use near '' at line 1 at query :  INSERT INTO histori_status (`KARYAWAN_ID`,`HISTORI_STATUS`,`TGL`) VALUES 
14:30  Error : You have an error in your SQL syntax; check the manual that corresponds to your MariaDB server version for the right syntax to use near '' at line 1 at query :  INSERT INTO histori_status (`KARYAWAN_ID`,`HISTORI_STATUS`,`TGL`) VALUES 
14:30  Error : You have an error in your SQL syntax; check the manual that corresponds to your MariaDB server version for the right syntax to use near '' at line 1 at query :  INSERT INTO histori_status (`KARYAWAN_ID`,`HISTORI_STATUS`,`TGL`) VALUES 
14:55  Error : Unknown column 'HISTORI_STATUS' in 'field list' at query :  INSERT INTO histori_karir (`KARYAWAN_ID`,`HISTORI_STATUS`,`TGL`) VALUES ('1141','6','2015-02-07'),('1142','6','2014-12-01'),('1143','6','2014-12-01'),('1144','6','2001-01-01'),('1145','6','2015-02-05'),('1146','6','2011-11-01'),('1147','6','2016-01-27'),('1148','6','2016-01-04'),('1149','6','2017-04-16')
14:55  Error : Unknown column 'HISTORI_STATUS' in 'field list' at query :  INSERT INTO histori_posisi (`KARYAWAN_ID`,`HISTORI_STATUS`,`TGL`) VALUES ('1141','1','2015-02-07'),('1142','1','2014-12-01'),('1143','11','2014-12-01'),('1144','13','2001-01-01'),('1145','1','2015-02-05'),('1146','13','2011-11-01'),('1147','1','2016-01-27'),('1148','1','2016-01-04'),('1149','1','2017-04-16')
14:55  Error : Unknown column 'HISTORI_STATUS' in 'field list' at query :  INSERT INTO histori_gaji (`KARYAWAN_ID`,`HISTORI_STATUS`,`TGL`) VALUES ('1141','','2015-02-07'),('1142','','2014-12-01'),('1143','','2014-12-01'),('1144','','2001-01-01'),('1145','','2015-02-05'),('1146','','2011-11-01'),('1147','','2016-01-27'),('1148','','2016-01-04'),('1149','','2017-04-16')
14:55  Error : Table 'ihris.pedidikan_karyawan' doesn't exist at query :  INSERT INTO pedidikan_karyawan (`KARYAWAN_ID`,`HISTORI_STATUS`,`TGL`) VALUES ('1141','SMK','Teknik Kendaraan Ringan,Program Teknik Otomotif','2014'),('1142','SMK','Teknik mesin,Program Pemesinan','2008'),('1143','SMK','Listrik','1995'),('1144','SMA','ILMU PENGETAHUAN ALAM','1999'),('1145','DIII','Teknik Mesin','1992'),('1146','DIII/S1','Teknik Mesin / Managemen','2015'),('1147','SMK','Teknik Kendaraan Ringan,Program Teknik Otomotif','2013'),('1148','SMK','Teknik Kendaraan Ringan,Program Teknik Otomotif','2013'),('1149','SMK','Teknik Komputer dan Jaringan','2014')
14:55  Error : Column count doesn't match value count at row 1 at query :  INSERT INTO keluarga_karyawan (`KARYAWAN_ID`,`HISTORI_STATUS`,`TGL`) VALUES ('1141','IBU','Murtinah','P'),('1142','IBU','Sulha','P'),('1143','IBU','Surati','P'),('1144','IBU','Jro Kd Widiasih','P'),('1145','IBU','Musarofah','P'),('1146','IBU','Sri Aryani','P'),('1147','IBU','Hartawati','P'),('1148','IBU','I Made Mega','P'),('1149','IBU','Ni Made Suwartini','P')
15:00  Error : Table 'ihris.pedidikan_karyawan' doesn't exist at query :  INSERT INTO pedidikan_karyawan (`KARYAWAN_ID`,`TINGKAT`,`JURUSAN`,`TAHUN_SELESAI`) VALUES ('1141','SMK','Teknik Kendaraan Ringan,Program Teknik Otomotif','2014'),('1142','SMK','Teknik mesin,Program Pemesinan','2008'),('1143','SMK','Listrik','1995'),('1144','SMA','ILMU PENGETAHUAN ALAM','1999'),('1145','DIII','Teknik Mesin','1992'),('1146','DIII/S1','Teknik Mesin / Managemen','2015'),('1147','SMK','Teknik Kendaraan Ringan,Program Teknik Otomotif','2013'),('1148','SMK','Teknik Kendaraan Ringan,Program Teknik Otomotif','2013'),('1149','SMK','Teknik Komputer dan Jaringan','2014')
